<?xml version="1.0" encoding="UTF-8" ?>
<testsuite tests="25" failures="0" name="TesterTodos" time="198.224" errors="0" skipped="0">
  <properties>
    <property name="java.runtime.name" value="Java(TM) SE Runtime Environment"/>
    <property name="sun.boot.library.path" value="C:\Program Files\Java\jdk1.8.0_45\jre\bin"/>
    <property name="java.vm.version" value="25.45-b02"/>
    <property name="java.vm.vendor" value="Oracle Corporation"/>
    <property name="java.vendor.url" value="http://java.oracle.com/"/>
    <property name="path.separator" value=";"/>
    <property name="guice.disable.misplaced.annotation.check" value="true"/>
    <property name="java.vm.name" value="Java HotSpot(TM) 64-Bit Server VM"/>
    <property name="file.encoding.pkg" value="sun.io"/>
    <property name="user.script" value=""/>
    <property name="user.country" value="ES"/>
    <property name="sun.java.launcher" value="SUN_STANDARD"/>
    <property name="sun.os.patch.level" value="Service Pack 1"/>
    <property name="test" value="TesterTodos"/>
    <property name="java.vm.specification.name" value="Java Virtual Machine Specification"/>
    <property name="user.dir" value="D:\Documentos\NetBeansProjects\CalculadoraMAVENVictorManuelOviedoHuertas"/>
    <property name="java.runtime.version" value="1.8.0_45-b14"/>
    <property name="java.awt.graphicsenv" value="sun.awt.Win32GraphicsEnvironment"/>
    <property name="java.endorsed.dirs" value="C:\Program Files\Java\jdk1.8.0_45\jre\lib\endorsed"/>
    <property name="os.arch" value="amd64"/>
    <property name="java.io.tmpdir" value="C:\Users\dam2\AppData\Local\Temp\"/>
    <property name="line.separator" value="
"/>
    <property name="java.vm.specification.vendor" value="Oracle Corporation"/>
    <property name="user.variant" value=""/>
    <property name="os.name" value="Windows 7"/>
    <property name="maven.ext.class.path" value="C:\Program Files\NetBeans 8.0.2\java\maven-nblib\netbeans-eventspy.jar"/>
    <property name="classworlds.conf" value="C:\Program Files\NetBeans 8.0.2\java\maven\bin\m2.conf"/>
    <property name="sun.jnu.encoding" value="Cp1252"/>
    <property name="java.library.path" value="C:\Program Files\Java\jdk1.8.0_45\bin;C:\Windows\Sun\Java\bin;C:\Windows\system32;C:\Windows;C:\ProgramData\Oracle\Java\javapath;C:\Windows\system32;C:\Windows;C:\Windows\System32\Wbem;C:\Windows\System32\WindowsPowerShell\v1.0\;."/>
    <property name="java.specification.name" value="Java Platform API Specification"/>
    <property name="java.class.version" value="52.0"/>
    <property name="sun.management.compiler" value="HotSpot 64-Bit Tiered Compilers"/>
    <property name="os.version" value="6.1"/>
    <property name="user.home" value="C:\Users\dam2"/>
    <property name="user.timezone" value="Europe/Paris"/>
    <property name="java.awt.printerjob" value="sun.awt.windows.WPrinterJob"/>
    <property name="java.specification.version" value="1.8"/>
    <property name="file.encoding" value="UTF-8"/>
    <property name="user.name" value="dam2"/>
    <property name="java.class.path" value="C:\Program Files\NetBeans 8.0.2\java\maven\boot\plexus-classworlds-2.4.jar"/>
    <property name="java.vm.specification.version" value="1.8"/>
    <property name="sun.arch.data.model" value="64"/>
    <property name="java.home" value="C:\Program Files\Java\jdk1.8.0_45\jre"/>
    <property name="sun.java.command" value="org.codehaus.plexus.classworlds.launcher.Launcher -Dtest=TesterTodos -Dmaven.ext.class.path=C:\Program Files\NetBeans 8.0.2\java\maven-nblib\netbeans-eventspy.jar -Dfile.encoding=UTF-8 surefire:test"/>
    <property name="java.specification.vendor" value="Oracle Corporation"/>
    <property name="user.language" value="es"/>
    <property name="awt.toolkit" value="sun.awt.windows.WToolkit"/>
    <property name="java.vm.info" value="mixed mode"/>
    <property name="java.version" value="1.8.0_45"/>
    <property name="java.ext.dirs" value="C:\Program Files\Java\jdk1.8.0_45\jre\lib\ext;C:\Windows\Sun\Java\lib\ext"/>
    <property name="sun.boot.class.path" value="C:\Program Files\Java\jdk1.8.0_45\jre\lib\resources.jar;C:\Program Files\Java\jdk1.8.0_45\jre\lib\rt.jar;C:\Program Files\Java\jdk1.8.0_45\jre\lib\sunrsasign.jar;C:\Program Files\Java\jdk1.8.0_45\jre\lib\jsse.jar;C:\Program Files\Java\jdk1.8.0_45\jre\lib\jce.jar;C:\Program Files\Java\jdk1.8.0_45\jre\lib\charsets.jar;C:\Program Files\Java\jdk1.8.0_45\jre\lib\jfr.jar;C:\Program Files\Java\jdk1.8.0_45\jre\classes"/>
    <property name="java.vendor" value="Oracle Corporation"/>
    <property name="maven.home" value="C:\Program Files\NetBeans 8.0.2\java\maven"/>
    <property name="file.separator" value="\"/>
    <property name="java.vendor.url.bug" value="http://bugreport.sun.com/bugreport/"/>
    <property name="sun.cpu.endian" value="little"/>
    <property name="sun.io.unicode.encoding" value="UnicodeLittle"/>
    <property name="sun.desktop" value="windows"/>
    <property name="sun.cpu.isalist" value="amd64"/>
  </properties>
  <testcase classname="TesterTodos" name="restaBienCombo" time="2.293"/>
  <testcase classname="TesterTodos" name="restaBienRadio" time="1.7"/>
  <testcase classname="TesterTodos" name="vuelveBlancoCajaTextoBotones" time="6.256"/>
  <testcase classname="TesterTodos" name="multiplicaBienBotones" time="1.263"/>
  <testcase classname="TesterTodos" name="errorCajaTextoLetrasYVaciosCombos" time="37.096"/>
  <testcase classname="TesterTodos" name="multiplicaBienCombo" time="1.903"/>
  <testcase classname="TesterTodos" name="multiplicaBienRadio" time="1.716"/>
  <testcase classname="TesterTodos" name="errorDecimalesBotones" time="11.482"/>
  <testcase classname="TesterTodos" name="errorCajaTextoLetrasYVaciosRadios" time="38.39"/>
  <testcase classname="TesterTodos" name="divideBienCombo" time="1.919"/>
  <testcase classname="TesterTodos" name="divideBienRadio" time="1.716"/>
  <testcase classname="TesterTodos" name="multiplicaBienDecimalesRadio" time="1.95"/>
  <testcase classname="TesterTodos" name="restaBienDecimalesRadio" time="1.966"/>
  <testcase classname="TesterTodos" name="divideBienDecimalesRadio" time="1.934"/>
  <testcase classname="TesterTodos" name="sumaBienDecimalesRadio" time="1.965"/>
  <testcase classname="TesterTodos" name="errorDecimalesCombos" time="15.413"/>
  <testcase classname="TesterTodos" name="sumaBienCombo" time="1.669"/>
  <testcase classname="TesterTodos" name="sumaBienRadio" time="1.7"/>
  <testcase classname="TesterTodos" name="errorCajaTextoLetrasYVaciosBotones" time="30.997"/>
  <testcase classname="TesterTodos" name="errorDecimalesRadios" time="15.209"/>
  <testcase classname="TesterTodos" name="sumaBienBotones" time="1.217"/>
  <testcase classname="TesterTodos" name="vuelveBlancoCajaTextoCombos" time="8.284"/>
  <testcase classname="TesterTodos" name="divideBienBotones" time="1.247"/>
  <testcase classname="TesterTodos" name="vuelveBlancoCajaTextoRadios" time="7.597"/>
  <testcase classname="TesterTodos" name="restaBienBotones" time="1.264"/>
</testsuite>